<?xml version="1.0" encoding="UTF-8"?>
<!-- Generated by org.testng.reporters.JUnitReportReporter -->
<testsuite hostname="WIN-HSN4A29TTPK" name="TestNGTests" tests="3" failures="0" timestamp="26 Apr 2020 01:42:43 GMT" time="0.149" errors="0">
  <testcase name="toStringShouldReturnPeopleNamesSeparatedByComma" time="0.034" classname="TestNGTests"/>
  <testcase name="getOldestPersonShouldReturnOldestPerson" time="0.036" classname="TestNGTests"/>
  <testcase name="getKidNameShouldReturnNamesOfYoungerThan18" time="0.079" classname="TestNGTests"/>
</testsuite> <!-- TestNGTests -->
